<?xml version="1.0" encoding="UTF-8"?>
<robot generator="Robot 7.0 (Python 3.10.12 on linux)" generated="2024-03-06T09:51:45.826002" rpa="false" schemaversion="5">
<suite id="s1" name="Login Test" source="/root/task_robot/robot/myproject/tests/login_test.robot">
<test id="s1-t1" name="Positive Login Test" line="6">
<kw name="Open Browser To Login Page" owner="keywords">
<kw name="Open Browser" owner="SeleniumLibrary">
<msg time="2024-03-06T09:51:45.985078" level="INFO">Opening browser 'Chrome' to base url 'https://practicetestautomation.com/practice-test-login/'.</msg>
<msg time="2024-03-06T09:52:03.180915" level="INFO">Cannot capture screenshot because no browser is open.</msg>
<msg time="2024-03-06T09:52:03.181419" level="FAIL">SessionNotCreatedException: Message: session not created: Chrome failed to start: exited normally.
  (session not created: DevToolsActivePort file doesn't exist)
  (The process started from chrome location /root/.cache/selenium/chrome/linux64/122.0.6261.94/chrome is no longer running, so ChromeDriver is assuming that Chrome has crashed.)
Stacktrace:
#0 0x55ed88724e93 &lt;unknown&gt;
#1 0x55ed8841cce6 &lt;unknown&gt;
#2 0x55ed884516fa &lt;unknown&gt;
#3 0x55ed8844d6ed &lt;unknown&gt;
#4 0x55ed8849671c &lt;unknown&gt;
#5 0x55ed88489c53 &lt;unknown&gt;
#6 0x55ed8845adb3 &lt;unknown&gt;
#7 0x55ed8845b77e &lt;unknown&gt;
#8 0x55ed886ea7cb &lt;unknown&gt;
#9 0x55ed886ee7e5 &lt;unknown&gt;
#10 0x55ed886d80e1 &lt;unknown&gt;
#11 0x55ed886ef372 &lt;unknown&gt;
#12 0x55ed886bc1bf &lt;unknown&gt;
#13 0x55ed88713488 &lt;unknown&gt;
#14 0x55ed88713683 &lt;unknown&gt;
#15 0x55ed88724044 &lt;unknown&gt;
#16 0x7fe29e1a5ac3 &lt;unknown&gt;
</msg>
<arg>${url}</arg>
<arg>Chrome</arg>
<doc>Opens a new browser instance to the optional ``url``.</doc>
<status status="FAIL" start="2024-03-06T09:51:45.984649" elapsed="17.199416">SessionNotCreatedException: Message: session not created: Chrome failed to start: exited normally.
  (session not created: DevToolsActivePort file doesn't exist)
  (The process started from chrome location /root/.cache/selenium/chrome/linux64/122.0.6261.94/chrome is no longer running, so ChromeDriver is assuming that Chrome has crashed.)
Stacktrace:
#0 0x55ed88724e93 &lt;unknown&gt;
#1 0x55ed8841cce6 &lt;unknown&gt;
#2 0x55ed884516fa &lt;unknown&gt;
#3 0x55ed8844d6ed &lt;unknown&gt;
#4 0x55ed8849671c &lt;unknown&gt;
#5 0x55ed88489c53 &lt;unknown&gt;
#6 0x55ed8845adb3 &lt;unknown&gt;
#7 0x55ed8845b77e &lt;unknown&gt;
#8 0x55ed886ea7cb &lt;unknown&gt;
#9 0x55ed886ee7e5 &lt;unknown&gt;
#10 0x55ed886d80e1 &lt;unknown&gt;
#11 0x55ed886ef372 &lt;unknown&gt;
#12 0x55ed886bc1bf &lt;unknown&gt;
#13 0x55ed88713488 &lt;unknown&gt;
#14 0x55ed88713683 &lt;unknown&gt;
#15 0x55ed88724044 &lt;unknown&gt;
#16 0x7fe29e1a5ac3 &lt;unknown&gt;
</status>
</kw>
<arg>https://practicetestautomation.com/practice-test-login/</arg>
<status status="FAIL" start="2024-03-06T09:51:45.983518" elapsed="17.201279">SessionNotCreatedException: Message: session not created: Chrome failed to start: exited normally.
  (session not created: DevToolsActivePort file doesn't exist)
  (The process started from chrome location /root/.cache/selenium/chrome/linux64/122.0.6261.94/chrome is no longer running, so ChromeDriver is assuming that Chrome has crashed.)
Stacktrace:
#0 0x55ed88724e93 &lt;unknown&gt;
#1 0x55ed8841cce6 &lt;unknown&gt;
#2 0x55ed884516fa &lt;unknown&gt;
#3 0x55ed8844d6ed &lt;unknown&gt;
#4 0x55ed8849671c &lt;unknown&gt;
#5 0x55ed88489c53 &lt;unknown&gt;
#6 0x55ed8845adb3 &lt;unknown&gt;
#7 0x55ed8845b77e &lt;unknown&gt;
#8 0x55ed886ea7cb &lt;unknown&gt;
#9 0x55ed886ee7e5 &lt;unknown&gt;
#10 0x55ed886d80e1 &lt;unknown&gt;
#11 0x55ed886ef372 &lt;unknown&gt;
#12 0x55ed886bc1bf &lt;unknown&gt;
#13 0x55ed88713488 &lt;unknown&gt;
#14 0x55ed88713683 &lt;unknown&gt;
#15 0x55ed88724044 &lt;unknown&gt;
#16 0x7fe29e1a5ac3 &lt;unknown&gt;
</status>
</kw>
<kw name="Input Username" owner="keywords">
<arg>student</arg>
<status status="NOT RUN" start="2024-03-06T09:52:03.185975" elapsed="0.000131"/>
</kw>
<kw name="Input Password" owner="keywords">
<arg>Password123</arg>
<status status="NOT RUN" start="2024-03-06T09:52:03.186944" elapsed="0.000135"/>
</kw>
<kw name="Click Login Button" owner="keywords">
<status status="NOT RUN" start="2024-03-06T09:52:03.187586" elapsed="0.000113"/>
</kw>
<kw name="Verify Welcome Message" owner="keywords">
<arg>Welcome</arg>
<status status="NOT RUN" start="2024-03-06T09:52:03.188663" elapsed="0.000102"/>
</kw>
<kw name="Close Browser" owner="SeleniumLibrary">
<doc>Closes the current browser.</doc>
<status status="NOT RUN" start="2024-03-06T09:52:03.189077" elapsed="0.000077"/>
</kw>
<status status="FAIL" start="2024-03-06T09:51:45.982281" elapsed="17.207495">SessionNotCreatedException: Message: session not created: Chrome failed to start: exited normally.
  (session not created: DevToolsActivePort file doesn't exist)
  (The process started from chrome location /root/.cache/selenium/chrome/linux64/122.0.6261.94/chrome is no longer running, so ChromeDriver is assuming that Chrome has crashed.)
Stacktrace:
#0 0x55ed88724e93 &lt;unknown&gt;
#1 0x55ed8841cce6 &lt;unknown&gt;
#2 0x55ed884516fa &lt;unknown&gt;
#3 0x55ed8844d6ed &lt;unknown&gt;
#4 0x55ed8849671c &lt;unknown&gt;
#5 0x55ed88489c53 &lt;unknown&gt;
#6 0x55ed8845adb3 &lt;unknown&gt;
#7 0x55ed8845b77e &lt;unknown&gt;
#8 0x55ed886ea7cb &lt;unknown&gt;
#9 0x55ed886ee7e5 &lt;unknown&gt;
#10 0x55ed886d80e1 &lt;unknown&gt;
#11 0x55ed886ef372 &lt;unknown&gt;
#12 0x55ed886bc1bf &lt;unknown&gt;
#13 0x55ed88713488 &lt;unknown&gt;
#14 0x55ed88713683 &lt;unknown&gt;
#15 0x55ed88724044 &lt;unknown&gt;
#16 0x7fe29e1a5ac3 &lt;unknown&gt;
</status>
</test>
<test id="s1-t2" name="Negative Login Test" line="14">
<kw name="Open Browser To Login Page" owner="keywords">
<kw name="Open Browser" owner="SeleniumLibrary">
<msg time="2024-03-06T09:52:03.192381" level="INFO">Opening browser 'Chrome' to base url 'https://practicetestautomation.com/practice-test-login/'.</msg>
<msg time="2024-03-06T09:52:03.372171" level="INFO">Cannot capture screenshot because no browser is open.</msg>
<msg time="2024-03-06T09:52:03.372926" level="FAIL">SessionNotCreatedException: Message: session not created: Chrome failed to start: exited normally.
  (session not created: DevToolsActivePort file doesn't exist)
  (The process started from chrome location /root/.cache/selenium/chrome/linux64/122.0.6261.94/chrome is no longer running, so ChromeDriver is assuming that Chrome has crashed.)
Stacktrace:
#0 0x564451ec9e93 &lt;unknown&gt;
#1 0x564451bc1ce6 &lt;unknown&gt;
#2 0x564451bf66fa &lt;unknown&gt;
#3 0x564451bf26ed &lt;unknown&gt;
#4 0x564451c3b71c &lt;unknown&gt;
#5 0x564451c2ec53 &lt;unknown&gt;
#6 0x564451bffdb3 &lt;unknown&gt;
#7 0x564451c0077e &lt;unknown&gt;
#8 0x564451e8f7cb &lt;unknown&gt;
#9 0x564451e937e5 &lt;unknown&gt;
#10 0x564451e7d0e1 &lt;unknown&gt;
#11 0x564451e94372 &lt;unknown&gt;
#12 0x564451e611bf &lt;unknown&gt;
#13 0x564451eb8488 &lt;unknown&gt;
#14 0x564451eb8683 &lt;unknown&gt;
#15 0x564451ec9044 &lt;unknown&gt;
#16 0x7ffac4cd2ac3 &lt;unknown&gt;
</msg>
<arg>${url}</arg>
<arg>Chrome</arg>
<doc>Opens a new browser instance to the optional ``url``.</doc>
<status status="FAIL" start="2024-03-06T09:52:03.191952" elapsed="0.182457">SessionNotCreatedException: Message: session not created: Chrome failed to start: exited normally.
  (session not created: DevToolsActivePort file doesn't exist)
  (The process started from chrome location /root/.cache/selenium/chrome/linux64/122.0.6261.94/chrome is no longer running, so ChromeDriver is assuming that Chrome has crashed.)
Stacktrace:
#0 0x564451ec9e93 &lt;unknown&gt;
#1 0x564451bc1ce6 &lt;unknown&gt;
#2 0x564451bf66fa &lt;unknown&gt;
#3 0x564451bf26ed &lt;unknown&gt;
#4 0x564451c3b71c &lt;unknown&gt;
#5 0x564451c2ec53 &lt;unknown&gt;
#6 0x564451bffdb3 &lt;unknown&gt;
#7 0x564451c0077e &lt;unknown&gt;
#8 0x564451e8f7cb &lt;unknown&gt;
#9 0x564451e937e5 &lt;unknown&gt;
#10 0x564451e7d0e1 &lt;unknown&gt;
#11 0x564451e94372 &lt;unknown&gt;
#12 0x564451e611bf &lt;unknown&gt;
#13 0x564451eb8488 &lt;unknown&gt;
#14 0x564451eb8683 &lt;unknown&gt;
#15 0x564451ec9044 &lt;unknown&gt;
#16 0x7ffac4cd2ac3 &lt;unknown&gt;
</status>
</kw>
<arg>https://practicetestautomation.com/practice-test-login/</arg>
<status status="FAIL" start="2024-03-06T09:52:03.191297" elapsed="0.184284">SessionNotCreatedException: Message: session not created: Chrome failed to start: exited normally.
  (session not created: DevToolsActivePort file doesn't exist)
  (The process started from chrome location /root/.cache/selenium/chrome/linux64/122.0.6261.94/chrome is no longer running, so ChromeDriver is assuming that Chrome has crashed.)
Stacktrace:
#0 0x564451ec9e93 &lt;unknown&gt;
#1 0x564451bc1ce6 &lt;unknown&gt;
#2 0x564451bf66fa &lt;unknown&gt;
#3 0x564451bf26ed &lt;unknown&gt;
#4 0x564451c3b71c &lt;unknown&gt;
#5 0x564451c2ec53 &lt;unknown&gt;
#6 0x564451bffdb3 &lt;unknown&gt;
#7 0x564451c0077e &lt;unknown&gt;
#8 0x564451e8f7cb &lt;unknown&gt;
#9 0x564451e937e5 &lt;unknown&gt;
#10 0x564451e7d0e1 &lt;unknown&gt;
#11 0x564451e94372 &lt;unknown&gt;
#12 0x564451e611bf &lt;unknown&gt;
#13 0x564451eb8488 &lt;unknown&gt;
#14 0x564451eb8683 &lt;unknown&gt;
#15 0x564451ec9044 &lt;unknown&gt;
#16 0x7ffac4cd2ac3 &lt;unknown&gt;
</status>
</kw>
<kw name="Input Username" owner="keywords">
<arg>wronguser</arg>
<status status="NOT RUN" start="2024-03-06T09:52:03.377226" elapsed="0.000246"/>
</kw>
<kw name="Input Password" owner="keywords">
<arg>wrongpassword</arg>
<status status="NOT RUN" start="2024-03-06T09:52:03.378752" elapsed="0.000167"/>
</kw>
<kw name="Click Login Button" owner="keywords">
<status status="NOT RUN" start="2024-03-06T09:52:03.380082" elapsed="0.000145"/>
</kw>
<kw name="Verify Welcome Message" owner="keywords">
<arg>Invalid credentials</arg>
<status status="NOT RUN" start="2024-03-06T09:52:03.381510" elapsed="0.000255"/>
</kw>
<kw name="Close Browser" owner="SeleniumLibrary">
<doc>Closes the current browser.</doc>
<status status="NOT RUN" start="2024-03-06T09:52:03.382507" elapsed="0.000098"/>
</kw>
<status status="FAIL" start="2024-03-06T09:52:03.190555" elapsed="0.192929">SessionNotCreatedException: Message: session not created: Chrome failed to start: exited normally.
  (session not created: DevToolsActivePort file doesn't exist)
  (The process started from chrome location /root/.cache/selenium/chrome/linux64/122.0.6261.94/chrome is no longer running, so ChromeDriver is assuming that Chrome has crashed.)
Stacktrace:
#0 0x564451ec9e93 &lt;unknown&gt;
#1 0x564451bc1ce6 &lt;unknown&gt;
#2 0x564451bf66fa &lt;unknown&gt;
#3 0x564451bf26ed &lt;unknown&gt;
#4 0x564451c3b71c &lt;unknown&gt;
#5 0x564451c2ec53 &lt;unknown&gt;
#6 0x564451bffdb3 &lt;unknown&gt;
#7 0x564451c0077e &lt;unknown&gt;
#8 0x564451e8f7cb &lt;unknown&gt;
#9 0x564451e937e5 &lt;unknown&gt;
#10 0x564451e7d0e1 &lt;unknown&gt;
#11 0x564451e94372 &lt;unknown&gt;
#12 0x564451e611bf &lt;unknown&gt;
#13 0x564451eb8488 &lt;unknown&gt;
#14 0x564451eb8683 &lt;unknown&gt;
#15 0x564451ec9044 &lt;unknown&gt;
#16 0x7ffac4cd2ac3 &lt;unknown&gt;
</status>
</test>
<status status="FAIL" start="2024-03-06T09:51:45.827324" elapsed="17.560608"/>
</suite>
<statistics>
<total>
<stat pass="0" fail="2" skip="0">All Tests</stat>
</total>
<tag>
</tag>
<suite>
<stat pass="0" fail="2" skip="0" id="s1" name="Login Test">Login Test</stat>
</suite>
</statistics>
<errors>
</errors>
</robot>
